#
# There is insufficient memory for the Java Runtime Environment to continue.
# Native memory allocation (mmap) failed to map 264241152 bytes. Error detail: G1 virtual space
# Possible reasons:
#   The system is out of physical RAM or swap space
#   This process is running with CompressedOops enabled, and the Java Heap may be blocking the growth of the native heap
# Possible solutions:
#   Reduce memory load on the system
#   Increase physical memory or swap space
#   Check if swap backing store is full
#   Decrease Java heap size (-Xmx/-Xms)
#   Decrease number of Java threads
#   Decrease Java thread stack sizes (-Xss)
#   Set larger code cache with -XX:ReservedCodeCacheSize=
#   JVM is running with Zero Based Compressed Oops mode in which the Java heap is
#     placed in the first 32GB address space. The Java Heap base address is the
#     maximum limit for the native heap growth. Please use -XX:HeapBaseMinAddress
#     to set the Java Heap base and to place the Java Heap above 32GB virtual address.
# This output file may be truncated or incomplete.
#
#  Out of Memory Error (os_windows.cpp:3828), pid=3120, tid=19956
#
# JRE version:  (21.0.4) (build )
# Java VM: OpenJDK 64-Bit Server VM (21.0.4+-12508038-b607.1, mixed mode, sharing, tiered, compressed oops, compressed class ptrs, g1 gc, windows-amd64)
# No core dump will be written. Minidumps are not enabled by default on client versions of Windows
#

---------------  S U M M A R Y ------------

Command Line: git4idea.http.GitAskPassApp Username for 'https://github.com': 

Host: 11th Gen Intel(R) Core(TM) i5-11260H @ 2.60GHz, 12 cores, 15G,  Windows 11 , 64 bit Build 26100 (10.0.26100.2161)
Time: Fri Jan 24 12:25:24 2025 SE Asia Standard Time elapsed time: 1.171673 seconds (0d 0h 0m 1s)

---------------  T H R E A D  ---------------

Current thread (0x000002768931f000):  JavaThread "Unknown thread" [_thread_in_vm, id=19956, stack(0x0000008636d00000,0x0000008636e00000) (1024K)]

Stack: [0x0000008636d00000,0x0000008636e00000]
Native frames: (J=compiled Java code, j=interpreted, Vv=VM code, C=native code)
V  [jvm.dll+0x6ce539]
V  [jvm.dll+0x85bf03]
V  [jvm.dll+0x85e45e]
V  [jvm.dll+0x85eb43]
V  [jvm.dll+0x27dd06]
V  [jvm.dll+0x6cada5]
V  [jvm.dll+0x6bf27a]
V  [jvm.dll+0x3541fb]
V  [jvm.dll+0x35be36]
V  [jvm.dll+0x3adbc6]
V  [jvm.dll+0x3ade98]
V  [jvm.dll+0x32691c]
V  [jvm.dll+0x32760b]
V  [jvm.dll+0x823959]
V  [jvm.dll+0x3bacf8]
V  [jvm.dll+0x80cd58]
V  [jvm.dll+0x44ef2e]
V  [jvm.dll+0x450691]
C  [jli.dll+0x52ab]
C  [ucrtbase.dll+0x14ea0]
C  [KERNEL32.DLL+0x2dbe7]
C  [ntdll.dll+0xdfbec]


---------------  P R O C E S S  ---------------

Threads class SMR info:
_java_thread_list=0x00007ffe87d0a808, length=0, elements={
}

Java Threads: ( => current thread )
Total: 0

Other Threads:
  0x000002768b72e7b0 WorkerThread "GC Thread#0"                     [id=19336, stack(0x0000008636e00000,0x0000008636f00000) (1024K)]
  0x000002768b73f2e0 ConcurrentGCThread "G1 Main Marker"            [id=13292, stack(0x0000008636f00000,0x0000008637000000) (1024K)]
  0x000002768b742030 WorkerThread "G1 Conc#0"                       [id=9300, stack(0x0000008637000000,0x0000008637100000) (1024K)]

[error occurred during error reporting (printing all threads), id 0xc0000005, EXCEPTION_ACCESS_VIOLATION (0xc0000005) at pc=0x00007ffe87509957]
VM state: not at safepoint (not fully initialized)

VM Mutex/Monitor currently owned by a thread:  ([mutex/lock_event])
[0x00007ffe87d773f8] Heap_lock - owner thread: 0x000002768931f000

Heap address: 0x0000000704a00000, size: 4022 MB, Compressed Oops mode: Zero based, Oop shift amount: 3

CDS archive(s) mapped at: [0x0000000000000000-0x0000000000000000-0x0000000000000000), size 0, SharedBaseAddress: 0x0000000800000000, ArchiveRelocationMode: 1.
Narrow klass base: 0x0000000000000000, Narrow klass shift: 0, Narrow klass range: 0x0

GC Precious Log:
 CardTable entry size: 512
 Card Set container configuration: InlinePtr #cards 4 size 8 Array Of Cards #cards 16 size 48 Howl #buckets 8 coarsen threshold 3686 Howl Bitmap #cards 512 size 80 coarsen threshold 460 Card regions per heap region 1 cards per card region 4096

Heap:
 garbage-first heap   total 0K, used 0K [0x0000000704a00000, 0x0000000800000000)
  region size 2048K, 0 young (0K), 0 survivors (0K)
 Metaspace       used 0K, committed 0K, reserved 0K
  class space    used 0K, committed 0K, reserved 0K

Heap Regions: E=young(eden), S=young(survivor), O=old, HS=humongous(starts), HC=humongous(continues), CS=collection set, F=free, TAMS=top-at-mark-start, PB=parsable bottom

Card table byte_map: [0x000002769e540000,0x000002769ed20000] _byte_map_base: 0x000002769ad1b000

Marking Bits: (CMBitMap*) 0x000002768b72eeb0
 Bits: [0x000002769ed20000, 0x00000276a2bf8000)

GC Heap History (0 events):
No events

Dll operation events (1 events):
Event: 0.006 Loaded shared library C:\Program Files\Android\Android Studio\jbr\bin\java.dll

Deoptimization events (0 events):
No events

Classes loaded (0 events):
No events

Classes unloaded (0 events):
No events

Classes redefined (0 events):
No events

Internal exceptions (0 events):
No events

ZGC Phase Switch (0 events):
No events

VM Operations (0 events):
No events

Memory protections (0 events):
No events

Nmethod flushes (0 events):
No events

Events (0 events):
No events


Dynamic libraries:
0x00007ff7c4de0000 - 0x00007ff7c4dea000 	C:\Program Files\Android\Android Studio\jbr\bin\java.exe
0x00007fff0bee0000 - 0x00007fff0c143000 	C:\WINDOWS\SYSTEM32\ntdll.dll
0x00007fff0aca0000 - 0x00007fff0ad68000 	C:\WINDOWS\System32\KERNEL32.DLL
0x00007fff092d0000 - 0x00007fff09681000 	C:\WINDOWS\System32\KERNELBASE.dll
0x00007fff097c0000 - 0x00007fff0990b000 	C:\WINDOWS\System32\ucrtbase.dll
0x00007ffefeec0000 - 0x00007ffefeed8000 	C:\Program Files\Android\Android Studio\jbr\bin\jli.dll
0x00007ffefed30000 - 0x00007ffefed4b000 	C:\Program Files\Android\Android Studio\jbr\bin\VCRUNTIME140.dll
0x00007fff0ada0000 - 0x00007fff0af68000 	C:\WINDOWS\System32\USER32.dll
0x00007fff09c80000 - 0x00007fff09ca7000 	C:\WINDOWS\System32\win32u.dll
0x00007ffee7180000 - 0x00007ffee7410000 	C:\WINDOWS\WinSxS\amd64_microsoft.windows.common-controls_6595b64144ccf1df_6.0.26100.2161_none_3e0cadb0e33078e1\COMCTL32.dll
0x00007fff0a300000 - 0x00007fff0a32a000 	C:\WINDOWS\System32\GDI32.dll
0x00007fff0b710000 - 0x00007fff0b7b9000 	C:\WINDOWS\System32\msvcrt.dll
0x00007fff09690000 - 0x00007fff097b5000 	C:\WINDOWS\System32\gdi32full.dll
0x00007fff09bd0000 - 0x00007fff09c73000 	C:\WINDOWS\System32\msvcp_win.dll
0x00007fff0a210000 - 0x00007fff0a23f000 	C:\WINDOWS\System32\IMM32.DLL
0x00007fff036f0000 - 0x00007fff036fc000 	C:\Program Files\Android\Android Studio\jbr\bin\vcruntime140_1.dll
0x00007ffeb7e00000 - 0x00007ffeb7e8d000 	C:\Program Files\Android\Android Studio\jbr\bin\msvcp140.dll
0x00007ffe871d0000 - 0x00007ffe87e53000 	C:\Program Files\Android\Android Studio\jbr\bin\server\jvm.dll
0x00007fff0ab80000 - 0x00007fff0ac34000 	C:\WINDOWS\System32\ADVAPI32.dll
0x00007fff0a250000 - 0x00007fff0a2f6000 	C:\WINDOWS\System32\sechost.dll
0x00007fff09e10000 - 0x00007fff09f26000 	C:\WINDOWS\System32\RPCRT4.dll
0x00007fff0bc50000 - 0x00007fff0bcc4000 	C:\WINDOWS\System32\WS2_32.dll
0x00007fff08010000 - 0x00007fff0805e000 	C:\WINDOWS\SYSTEM32\POWRPROF.dll
0x00007ffefde20000 - 0x00007ffefde56000 	C:\WINDOWS\SYSTEM32\WINMM.dll
0x00007fff01910000 - 0x00007fff0191b000 	C:\WINDOWS\SYSTEM32\VERSION.dll
0x00007fff07f90000 - 0x00007fff07fa4000 	C:\WINDOWS\SYSTEM32\UMPDC.dll
0x00007fff08230000 - 0x00007fff0824a000 	C:\WINDOWS\SYSTEM32\kernel.appcore.dll
0x00007fff00f90000 - 0x00007fff00f9a000 	C:\Program Files\Android\Android Studio\jbr\bin\jimage.dll
0x00007fff06890000 - 0x00007fff06ad1000 	C:\WINDOWS\SYSTEM32\DBGHELP.DLL
0x00007fff0a800000 - 0x00007fff0ab7d000 	C:\WINDOWS\System32\combase.dll
0x00007fff09f40000 - 0x00007fff0a016000 	C:\WINDOWS\System32\OLEAUT32.dll
0x00007ffed6c60000 - 0x00007ffed6c99000 	C:\WINDOWS\SYSTEM32\dbgcore.DLL
0x00007fff09cb0000 - 0x00007fff09d49000 	C:\WINDOWS\System32\bcryptPrimitives.dll
0x00007ffef09c0000 - 0x00007ffef09e0000 	C:\Program Files\Android\Android Studio\jbr\bin\java.dll

dbghelp: loaded successfully - version: 4.0.5 - missing functions: none
symbol engine: initialized successfully - sym options: 0x614 - pdb path: .;C:\Program Files\Android\Android Studio\jbr\bin;C:\WINDOWS\SYSTEM32;C:\WINDOWS\WinSxS\amd64_microsoft.windows.common-controls_6595b64144ccf1df_6.0.26100.2161_none_3e0cadb0e33078e1;C:\Program Files\Android\Android Studio\jbr\bin\server

VM Arguments:
java_command: git4idea.http.GitAskPassApp Username for 'https://github.com': 
java_class_path (initial): C:/Program Files/Android/Android Studio/plugins/vcs-git/lib/git4idea-rt.jar;C:/Program Files/Android/Android Studio/lib/externalProcess-rt.jar
Launcher Type: SUN_STANDARD

[Global flags]
     intx CICompilerCount                          = 4                                         {product} {ergonomic}
     uint ConcGCThreads                            = 3                                         {product} {ergonomic}
     uint G1ConcRefinementThreads                  = 10                                        {product} {ergonomic}
   size_t G1HeapRegionSize                         = 2097152                                   {product} {ergonomic}
    uintx GCDrainStackTargetSize                   = 64                                        {product} {ergonomic}
   size_t InitialHeapSize                          = 264241152                                 {product} {ergonomic}
   size_t MarkStackSize                            = 4194304                                   {product} {ergonomic}
   size_t MaxHeapSize                              = 4217372672                                {product} {ergonomic}
   size_t MinHeapDeltaBytes                        = 2097152                                   {product} {ergonomic}
   size_t MinHeapSize                              = 8388608                                   {product} {ergonomic}
    uintx NonNMethodCodeHeapSize                   = 5839372                                {pd product} {ergonomic}
    uintx NonProfiledCodeHeapSize                  = 122909434                              {pd product} {ergonomic}
    uintx ProfiledCodeHeapSize                     = 122909434                              {pd product} {ergonomic}
    uintx ReservedCodeCacheSize                    = 251658240                              {pd product} {ergonomic}
     bool SegmentedCodeCache                       = true                                      {product} {ergonomic}
   size_t SoftMaxHeapSize                          = 4217372672                             {manageable} {ergonomic}
     bool UseCompressedOops                        = true                           {product lp64_product} {ergonomic}
     bool UseG1GC                                  = true                                      {product} {ergonomic}
     bool UseLargePagesIndividualAllocation        = false                                  {pd product} {ergonomic}

Logging:
Log output configuration:
 #0: stdout all=warning uptime,level,tags foldmultilines=false
 #1: stderr all=off uptime,level,tags foldmultilines=false

Environment Variables:
PATH=D:\Software Kuliah\Git\Git\mingw64\libexec\git-core;D:\Software Kuliah\Git\Git\mingw64\libexec\git-core;D:\Software Kuliah\Git\Git\mingw64\bin;D:\Software Kuliah\Git\Git\usr\bin;C:\Users\m s i\bin;C:\Program Files\Common Files\Oracle\Java\javapath;C:\Program Files (x86)\Common Files\Oracle\Java\java8path;C:\Program Files (x86)\Common Files\Oracle\Java\javapath;C:\Program Files\Python312\Scripts;C:\Program Files\Python312;C:\Program Files (x86)\Common Files\Intel\Shared Libraries\redist\intel64\compiler;C:\Windows\system32;C:\Windows;C:\Windows\System32\Wbem;C:\Windows\System32\WindowsPowerShell\v1.0;C:\Windows\System32\OpenSSH;C:\Program Files (x86)\NVIDIA Corporation\PhysX\Common;D:\Software Kuliah\Git\Git\cmd;D:\Software Kuliah\SPSS\JRE\bin;C:\WINDOWS\system32;C:\WINDOWS;C:\WINDOWS\System32\Wbem;C:\WINDOWS\System32\WindowsPowerShell\v1.0;C:\WINDOWS\System32\OpenSSH;C:\Program Files\NVIDIA Corporation\NVIDIA app\NvDLISR;C:\Users\m s i\AppData\Roaming\Python\Python312\Scripts;C:\Users\m s i\.config\herd-lite\bin;C:\Users\m s i\AppData\Local\Microsoft\WindowsApps;C:\Users\m s i\AppData\Local\Programs\Microsoft VS Code\bin
USERNAME=m s i
DISPLAY=:0.0
LC_ALL=en_US.UTF-8
TERM=xterm-256color
TMPDIR=C:\Users\MSI~1\AppData\Local\Temp
OS=Windows_NT
PROCESSOR_IDENTIFIER=Intel64 Family 6 Model 141 Stepping 1, GenuineIntel
TMP=C:\Users\MSI~1\AppData\Local\Temp
TEMP=C:\Users\MSI~1\AppData\Local\Temp




Periodic native trim disabled

JNI global refs:
JNI global refs: 0, weak refs: 0

JNI global refs memory usage: 0, weak refs: 0

Process memory usage:
Resident Set Size: 12760K (0% of 16471724K total physical memory with 2420372K free physical memory)

OOME stack traces (most recent first):
Classloader memory used:

---------------  S Y S T E M  ---------------

OS:
 Windows 11 , 64 bit Build 26100 (10.0.26100.2161)
OS uptime: 0 days 2:29 hours
Hyper-V role detected

CPU: total 12 (initial active 12) (6 cores per cpu, 2 threads per core) family 6 model 141 stepping 1 microcode 0x34, cx8, cmov, fxsr, ht, mmx, 3dnowpref, sse, sse2, sse3, ssse3, sse4.1, sse4.2, popcnt, lzcnt, tsc, tscinvbit, avx, avx2, aes, erms, clmul, bmi1, bmi2, adx, avx512f, avx512dq, avx512cd, avx512bw, avx512vl, sha, fma, vzeroupper, avx512_vpopcntdq, avx512_vpclmulqdq, avx512_vaes, avx512_vnni, clflush, clflushopt, clwb, avx512_vbmi2, avx512_vbmi, hv, rdtscp, rdpid, fsrm, gfni, avx512_bitalg, f16c, cet_ibt, cet_ss, avx512_ifma
Processor Information for all 12 processors :
  Max Mhz: 2611, Current Mhz: 2611, Mhz Limit: 2611

Memory: 4k page, system-wide physical 16085M (2363M free)
TotalPageFile size 24277M (AvailPageFile size 210M)
current process WorkingSet (physical memory assigned to process): 12M, peak: 12M
current process commit charge ("private bytes"): 64M, peak: 316M

vm_info: OpenJDK 64-Bit Server VM (21.0.4+-12508038-b607.1) for windows-amd64 JRE (21.0.4+-12508038-b607.1), built on 2024-10-16T17:23:34Z by "builder" with MS VC++ 16.10 / 16.11 (VS2019)

END.
